<?xml version="1.0" encoding="UTF-8"?>
<!-- Generated by org.testng.reporters.JUnitXMLReporter -->
<testsuite hostname="ip-172-31-86-137" ignored="2" name="Test" tests="3" failures="0" timestamp="14 Dec 2021 03:42:17 GMT" time="5.449" errors="0">
  <testcase name="signupTest" time="0.873" classname="test.SignUpPageTest"/>
  <testcase name="LoginTest" time="0.429" classname="test.LoginPageTest"/>
  <testcase name="afterLogin" time="1.072" classname="test.AfterLoginTest"/>
  <testcase name="@BeforeTest ReportSetup" time="0.0" classname="test.Baseclass">
    <ignored/>
  </testcase> <!-- @BeforeTest ReportSetup -->
  <testcase name="@BeforeTest ReportSetup" time="0.0" classname="test.Baseclass">
    <ignored/>
  </testcase> <!-- @BeforeTest ReportSetup -->
</testsuite> <!-- Test -->
