<?xml version="1.0" encoding="UTF-8"?>
<testng-results skipped="0" failed="0" ignored="2" total="5" passed="3">
  <reporter-output>
  </reporter-output>
  <suite name="Suite" duration-ms="5449" started-at="2021-12-14T03:42:11Z" finished-at="2021-12-14T03:42:17Z">
    <groups>
    </groups>
    <test name="Test" duration-ms="5449" started-at="2021-12-14T03:42:11Z" finished-at="2021-12-14T03:42:17Z">
      <class name="test.LoginPageTest">
        <test-method status="PASS" signature="setup()[pri:0, instance:test.LoginPageTest@7e0e6aa2]" name="setup" is-config="true" duration-ms="864" started-at="2021-12-14T03:42:14Z" finished-at="2021-12-14T03:42:14Z">
          <reporter-output>
          </reporter-output>
        </test-method> <!-- setup -->
        <test-method status="PASS" signature="LoginTest(java.lang.String, java.lang.String)[pri:0, instance:test.LoginPageTest@7e0e6aa2]" name="LoginTest" duration-ms="429" started-at="2021-12-14T03:42:14Z" finished-at="2021-12-14T03:42:15Z">
          <params>
            <param index="0">
              <value>
                <![CDATA[Priya2@gmail.com]]>
              </value>
            </param>
            <param index="1">
              <value>
                <![CDATA[abcd@123]]>
              </value>
            </param>
          </params>
          <reporter-output>
          </reporter-output>
        </test-method> <!-- LoginTest -->
        <test-method status="PASS" signature="teardown()[pri:0, instance:test.LoginPageTest@7e0e6aa2]" name="teardown" is-config="true" duration-ms="70" started-at="2021-12-14T03:42:15Z" finished-at="2021-12-14T03:42:15Z">
          <reporter-output>
          </reporter-output>
        </test-method> <!-- teardown -->
      </class> <!-- test.LoginPageTest -->
      <class name="test.SignUpPageTest">
        <test-method status="PASS" signature="ReportSetup()[pri:0, instance:test.SignUpPageTest@12c8a2c0]" name="ReportSetup" is-config="true" duration-ms="120" started-at="2021-12-14T03:42:12Z" finished-at="2021-12-14T03:42:12Z">
          <reporter-output>
          </reporter-output>
        </test-method> <!-- ReportSetup -->
        <test-method status="PASS" signature="setup()[pri:0, instance:test.SignUpPageTest@12c8a2c0]" name="setup" is-config="true" duration-ms="983" started-at="2021-12-14T03:42:12Z" finished-at="2021-12-14T03:42:13Z">
          <reporter-output>
          </reporter-output>
        </test-method> <!-- setup -->
        <test-method status="PASS" signature="signupTest(java.lang.String, java.lang.String, java.lang.String, java.lang.String, java.lang.String, java.lang.String)[pri:0, instance:test.SignUpPageTest@12c8a2c0]" name="signupTest" duration-ms="873" started-at="2021-12-14T03:42:13Z" finished-at="2021-12-14T03:42:13Z">
          <params>
            <param index="0">
              <value>
                <![CDATA[Priya2@gmail.com]]>
              </value>
            </param>
            <param index="1">
              <value>
                <![CDATA[abcd@123]]>
              </value>
            </param>
            <param index="2">
              <value>
                <![CDATA[Deva]]>
              </value>
            </param>
            <param index="3">
              <value>
                <![CDATA[dharshni]]>
              </value>
            </param>
            <param index="4">
              <value>
                <![CDATA[24]]>
              </value>
            </param>
            <param index="5">
              <value>
                <![CDATA[Bangalore]]>
              </value>
            </param>
          </params>
          <reporter-output>
          </reporter-output>
        </test-method> <!-- signupTest -->
        <test-method status="PASS" signature="teardown()[pri:0, instance:test.SignUpPageTest@12c8a2c0]" name="teardown" is-config="true" duration-ms="66" started-at="2021-12-14T03:42:13Z" finished-at="2021-12-14T03:42:14Z">
          <reporter-output>
          </reporter-output>
        </test-method> <!-- teardown -->
      </class> <!-- test.SignUpPageTest -->
      <class name="test.AfterLoginTest">
        <test-method status="PASS" signature="setup()[pri:0, instance:test.AfterLoginTest@365185bd]" name="setup" is-config="true" duration-ms="877" started-at="2021-12-14T03:42:15Z" finished-at="2021-12-14T03:42:16Z">
          <reporter-output>
          </reporter-output>
        </test-method> <!-- setup -->
        <test-method status="PASS" signature="afterLogin(java.lang.String, java.lang.String)[pri:0, instance:test.AfterLoginTest@365185bd]" name="afterLogin" duration-ms="1072" started-at="2021-12-14T03:42:16Z" finished-at="2021-12-14T03:42:17Z">
          <params>
            <param index="0">
              <value>
                <![CDATA[Priya2@gmail.com]]>
              </value>
            </param>
            <param index="1">
              <value>
                <![CDATA[abcd@123]]>
              </value>
            </param>
          </params>
          <reporter-output>
          </reporter-output>
        </test-method> <!-- afterLogin -->
        <test-method status="PASS" signature="teardown()[pri:0, instance:test.AfterLoginTest@365185bd]" name="teardown" is-config="true" duration-ms="66" started-at="2021-12-14T03:42:17Z" finished-at="2021-12-14T03:42:17Z">
          <reporter-output>
          </reporter-output>
        </test-method> <!-- teardown -->
      </class> <!-- test.AfterLoginTest -->
    </test> <!-- Test -->
  </suite> <!-- Suite -->
</testng-results>
